

================================================================
== Vivado HLS Report for 'abs_diff'
================================================================
* Date:           Wed Apr  6 17:42:27 2022

* Version:        2020.1 (Build 2897737 on Wed May 27 20:21:37 MDT 2020)
* Project:        motion_detection
* Solution:       solution1
* Product family: zynq
* Target device:  xc7z020-clg400-1


================================================================
== Performance Estimates
================================================================
+ Timing: 
    * Summary: 
    +--------+----------+----------+------------+
    |  Clock |  Target  | Estimated| Uncertainty|
    +--------+----------+----------+------------+
    |ap_clk  | 10.00 ns | 5.802 ns |   1.25 ns  |
    +--------+----------+----------+------------+

+ Latency: 
    * Summary: 
    +---------+---------+-----------+-----------+-----+-----+---------+
    |  Latency (cycles) |   Latency (absolute)  |  Interval | Pipeline|
    |   min   |   max   |    min    |    max    | min | max |   Type  |
    +---------+---------+-----------+-----------+-----+-----+---------+
    |        1|        1| 10.000 ns | 10.000 ns |    1|    1|   none  |
    +---------+---------+-----------+-----------+-----+-----+---------+

    + Detail: 
        * Instance: 
        N/A

        * Loop: 
        N/A



================================================================
== Utilization Estimates
================================================================
* Summary: 
+-----------------+---------+-------+--------+-------+-----+
|       Name      | BRAM_18K| DSP48E|   FF   |  LUT  | URAM|
+-----------------+---------+-------+--------+-------+-----+
|DSP              |        -|      -|       -|      -|    -|
|Expression       |        -|      -|       0|    130|    -|
|FIFO             |        -|      -|       -|      -|    -|
|Instance         |        -|      -|       -|      -|    -|
|Memory           |        -|      -|       -|      -|    -|
|Multiplexer      |        -|      -|       -|     42|    -|
|Register         |        -|      -|       2|      -|    -|
+-----------------+---------+-------+--------+-------+-----+
|Total            |        0|      0|       2|    172|    0|
+-----------------+---------+-------+--------+-------+-----+
|Available        |      280|    220|  106400|  53200|    0|
+-----------------+---------+-------+--------+-------+-----+
|Utilization (%)  |        0|      0|   ~0   |   ~0  |    0|
+-----------------+---------+-------+--------+-------+-----+

+ Detail: 
    * Instance: 
    N/A

    * DSP48E: 
    N/A

    * Memory: 
    N/A

    * FIFO: 
    N/A

    * Expression: 
    +-----------------------+----------+-------+---+----+------------+------------+
    |     Variable Name     | Operation| DSP48E| FF| LUT| Bitwidth P0| Bitwidth P1|
    +-----------------------+----------+-------+---+----+------------+------------+
    |neg_100_fu_179_p2      |     -    |      0|  0|  39|           1|          32|
    |sub_ln22_fu_173_p2     |     -    |      0|  0|  39|          32|          32|
    |abscond_100_fu_185_p2  |   icmp   |      0|  0|  18|          32|           1|
    |ap_block_state1        |    or    |      0|  0|   2|           1|           1|
    |y_TDATA_int            |  select  |      0|  0|  32|           1|          32|
    +-----------------------+----------+-------+---+----+------------+------------+
    |Total                  |          |      0|  0| 130|          67|          98|
    +-----------------------+----------+-------+---+----+------------+------------+

    * Multiplexer: 
    +------------------+----+-----------+-----+-----------+
    |       Name       | LUT| Input Size| Bits| Total Bits|
    +------------------+----+-----------+-----+-----------+
    |ap_NS_fsm         |  15|          3|    1|          3|
    |img1_TDATA_blk_n  |   9|          2|    1|          2|
    |img2_TDATA_blk_n  |   9|          2|    1|          2|
    |y_TDATA_blk_n     |   9|          2|    1|          2|
    +------------------+----+-----------+-----+-----------+
    |Total             |  42|          9|    4|          9|
    +------------------+----+-----------+-----+-----------+

    * Register: 
    +-----------+---+----+-----+-----------+
    |    Name   | FF| LUT| Bits| Const Bits|
    +-----------+---+----+-----+-----------+
    |ap_CS_fsm  |  2|   0|    2|          0|
    +-----------+---+----+-----+-----------+
    |Total      |  2|   0|    2|          0|
    +-----------+---+----+-----+-----------+



================================================================
== Interface
================================================================
* Summary: 
+------------------+-----+-----+--------------+--------------+--------------+
|     RTL Ports    | Dir | Bits|   Protocol   | Source Object|    C Type    |
+------------------+-----+-----+--------------+--------------+--------------+
|ap_clk            |  in |    1| ap_ctrl_none |   abs_diff   | return value |
|ap_rst_n          |  in |    1| ap_ctrl_none |   abs_diff   | return value |
|y_TDATA           | out |   32|     axis     |   y_data_V   |    pointer   |
|y_TVALID          | out |    1|     axis     |   y_dest_V   |    pointer   |
|y_TREADY          |  in |    1|     axis     |   y_dest_V   |    pointer   |
|y_TDEST           | out |    1|     axis     |   y_dest_V   |    pointer   |
|y_TKEEP           | out |    4|     axis     |   y_keep_V   |    pointer   |
|y_TSTRB           | out |    4|     axis     |   y_strb_V   |    pointer   |
|y_TUSER           | out |    1|     axis     |   y_user_V   |    pointer   |
|y_TLAST           | out |    1|     axis     |   y_last_V   |    pointer   |
|y_TID             | out |    1|     axis     |    y_id_V    |    pointer   |
|m_axi_c_AWVALID   | out |    1|     m_axi    |       c      |    pointer   |
|m_axi_c_AWREADY   |  in |    1|     m_axi    |       c      |    pointer   |
|m_axi_c_AWADDR    | out |   32|     m_axi    |       c      |    pointer   |
|m_axi_c_AWID      | out |    1|     m_axi    |       c      |    pointer   |
|m_axi_c_AWLEN     | out |    8|     m_axi    |       c      |    pointer   |
|m_axi_c_AWSIZE    | out |    3|     m_axi    |       c      |    pointer   |
|m_axi_c_AWBURST   | out |    2|     m_axi    |       c      |    pointer   |
|m_axi_c_AWLOCK    | out |    2|     m_axi    |       c      |    pointer   |
|m_axi_c_AWCACHE   | out |    4|     m_axi    |       c      |    pointer   |
|m_axi_c_AWPROT    | out |    3|     m_axi    |       c      |    pointer   |
|m_axi_c_AWQOS     | out |    4|     m_axi    |       c      |    pointer   |
|m_axi_c_AWREGION  | out |    4|     m_axi    |       c      |    pointer   |
|m_axi_c_AWUSER    | out |    1|     m_axi    |       c      |    pointer   |
|m_axi_c_WVALID    | out |    1|     m_axi    |       c      |    pointer   |
|m_axi_c_WREADY    |  in |    1|     m_axi    |       c      |    pointer   |
|m_axi_c_WDATA     | out |   32|     m_axi    |       c      |    pointer   |
|m_axi_c_WSTRB     | out |    4|     m_axi    |       c      |    pointer   |
|m_axi_c_WLAST     | out |    1|     m_axi    |       c      |    pointer   |
|m_axi_c_WID       | out |    1|     m_axi    |       c      |    pointer   |
|m_axi_c_WUSER     | out |    1|     m_axi    |       c      |    pointer   |
|m_axi_c_ARVALID   | out |    1|     m_axi    |       c      |    pointer   |
|m_axi_c_ARREADY   |  in |    1|     m_axi    |       c      |    pointer   |
|m_axi_c_ARADDR    | out |   32|     m_axi    |       c      |    pointer   |
|m_axi_c_ARID      | out |    1|     m_axi    |       c      |    pointer   |
|m_axi_c_ARLEN     | out |    8|     m_axi    |       c      |    pointer   |
|m_axi_c_ARSIZE    | out |    3|     m_axi    |       c      |    pointer   |
|m_axi_c_ARBURST   | out |    2|     m_axi    |       c      |    pointer   |
|m_axi_c_ARLOCK    | out |    2|     m_axi    |       c      |    pointer   |
|m_axi_c_ARCACHE   | out |    4|     m_axi    |       c      |    pointer   |
|m_axi_c_ARPROT    | out |    3|     m_axi    |       c      |    pointer   |
|m_axi_c_ARQOS     | out |    4|     m_axi    |       c      |    pointer   |
|m_axi_c_ARREGION  | out |    4|     m_axi    |       c      |    pointer   |
|m_axi_c_ARUSER    | out |    1|     m_axi    |       c      |    pointer   |
|m_axi_c_RVALID    |  in |    1|     m_axi    |       c      |    pointer   |
|m_axi_c_RREADY    | out |    1|     m_axi    |       c      |    pointer   |
|m_axi_c_RDATA     |  in |   32|     m_axi    |       c      |    pointer   |
|m_axi_c_RLAST     |  in |    1|     m_axi    |       c      |    pointer   |
|m_axi_c_RID       |  in |    1|     m_axi    |       c      |    pointer   |
|m_axi_c_RUSER     |  in |    1|     m_axi    |       c      |    pointer   |
|m_axi_c_RRESP     |  in |    2|     m_axi    |       c      |    pointer   |
|m_axi_c_BVALID    |  in |    1|     m_axi    |       c      |    pointer   |
|m_axi_c_BREADY    | out |    1|     m_axi    |       c      |    pointer   |
|m_axi_c_BRESP     |  in |    2|     m_axi    |       c      |    pointer   |
|m_axi_c_BID       |  in |    1|     m_axi    |       c      |    pointer   |
|m_axi_c_BUSER     |  in |    1|     m_axi    |       c      |    pointer   |
|img1_TDATA        |  in |   32|     axis     |  img1_data_V |    pointer   |
|img1_TVALID       |  in |    1|     axis     |  img1_dest_V |    pointer   |
|img1_TREADY       | out |    1|     axis     |  img1_dest_V |    pointer   |
|img1_TDEST        |  in |    1|     axis     |  img1_dest_V |    pointer   |
|img1_TKEEP        |  in |    4|     axis     |  img1_keep_V |    pointer   |
|img1_TSTRB        |  in |    4|     axis     |  img1_strb_V |    pointer   |
|img1_TUSER        |  in |    1|     axis     |  img1_user_V |    pointer   |
|img1_TLAST        |  in |    1|     axis     |  img1_last_V |    pointer   |
|img1_TID          |  in |    1|     axis     |   img1_id_V  |    pointer   |
|img2_TDATA        |  in |   32|     axis     |  img2_data_V |    pointer   |
|img2_TVALID       |  in |    1|     axis     |  img2_dest_V |    pointer   |
|img2_TREADY       | out |    1|     axis     |  img2_dest_V |    pointer   |
|img2_TDEST        |  in |    1|     axis     |  img2_dest_V |    pointer   |
|img2_TKEEP        |  in |    4|     axis     |  img2_keep_V |    pointer   |
|img2_TSTRB        |  in |    4|     axis     |  img2_strb_V |    pointer   |
|img2_TUSER        |  in |    1|     axis     |  img2_user_V |    pointer   |
|img2_TLAST        |  in |    1|     axis     |  img2_last_V |    pointer   |
|img2_TID          |  in |    1|     axis     |   img2_id_V  |    pointer   |
+------------------+-----+-----+--------------+--------------+--------------+

