==============================================================
Vivado(TM) HLS - High-Level Synthesis from C, C++ and SystemC v2020.1 (64-bit)
Copyright 1986-2020 Xilinx, Inc. All Rights Reserved.
==============================================================
INFO: [SYN 201-201] Setting up clock 'default' with a period of 10ns.
INFO: [HLS 200-10] Setting target device to 'xc7z020-clg400-1'
INFO: [SYN 201-201] Setting up clock 'default' with a period of 10ns.
INFO: [SCHED 204-61] Option 'relax_ii_for_timing' is enabled, will increase II to preserve clock frequency constraints.
INFO: [HLS 200-10] Analyzing design file 'motion_detection/abs_diff.cpp' ... 
ERROR: [HLS 200-70] Compilation errors found: In file included from motion_detection/abs_diff.cpp:1:
motion_detection/abs_diff.cpp:20:5: error: expected unqualified-id
 int[] a = in1 -> data;
    ^
motion_detection/abs_diff.cpp:21:5: error: expected unqualified-id
 int[] b = in2 -> data;
    ^
motion_detection/abs_diff.cpp:22:5: error: expected unqualified-id
 int[] output;
    ^
motion_detection/abs_diff.cpp:24:3: error: use of undeclared identifier 'output'
  output[i] = a[i] - b[i];
  ^
motion_detection/abs_diff.cpp:24:15: error: use of undeclared identifier 'a'
  output[i] = a[i] - b[i];
              ^
motion_detection/abs_diff.cpp:24:22: error: use of undeclared identifier 'b'
  output[i] = a[i] - b[i];
                     ^
motion_detection/abs_diff.cpp:26:16: error: use of undeclared identifier 'output'
 out -> data = output;
               ^
7 errors generated.
==============================================================
Vivado(TM) HLS - High-Level Synthesis from C, C++ and SystemC v2020.1 (64-bit)
Copyright 1986-2020 Xilinx, Inc. All Rights Reserved.
==============================================================
INFO: [SYN 201-201] Setting up clock 'default' with a period of 10ns.
INFO: [HLS 200-10] Setting target device to 'xc7z020-clg400-1'
INFO: [SCHED 204-61] Option 'relax_ii_for_timing' is enabled, will increase II to preserve clock frequency constraints.
INFO: [HLS 200-10] Analyzing design file 'motion_detection/abs_diff.cpp' ... 
ERROR: [HLS 200-70] Compilation errors found: In file included from motion_detection/abs_diff.cpp:1:
motion_detection/abs_diff.cpp:24:5: error: expected unqualified-id
 int[] a = in1[i];
    ^
motion_detection/abs_diff.cpp:25:5: error: expected unqualified-id
 int[] b = in2[i];
    ^
motion_detection/abs_diff.cpp:26:5: error: expected unqualified-id
 int[] output;
    ^
motion_detection/abs_diff.cpp:28:3: error: use of undeclared identifier 'output'
  output[i] = a[i] - b[i];
  ^
motion_detection/abs_diff.cpp:28:15: error: use of undeclared identifier 'a'
  output[i] = a[i] - b[i];
              ^
motion_detection/abs_diff.cpp:28:22: error: use of undeclared identifier 'b'
  output[i] = a[i] - b[i];
                     ^
motion_detection/abs_diff.cpp:30:16: error: use of undeclared identifier 'output'
 out -> data = output;
               ^
motion_detection/abs_diff.cpp:31:2: error: expected '}'
}
 ^
motion_detection/abs_diff.cpp:19:48: note: to match this '{'
void abs_diff(intS* in1, intS* in2, intS* out) {
                                               ^
8 errors generated.
==============================================================
Vivado(TM) HLS - High-Level Synthesis from C, C++ and SystemC v2020.1 (64-bit)
Copyright 1986-2020 Xilinx, Inc. All Rights Reserved.
==============================================================
INFO: [SYN 201-201] Setting up clock 'default' with a period of 10ns.
INFO: [HLS 200-10] Setting target device to 'xc7z020-clg400-1'
INFO: [SCHED 204-61] Option 'relax_ii_for_timing' is enabled, will increase II to preserve clock frequency constraints.
INFO: [HLS 200-10] Analyzing design file 'motion_detection/trial.cpp' ... 
ERROR: [HLS 200-70] Compilation errors found: In file included from motion_detection/trial.cpp:1:
motion_detection/trial.cpp:30:2: error: expected '}'
}
 ^
motion_detection/trial.cpp:10:67: note: to match this '{'
void filt (AXI_VAL *y, coef_t c[100],AXI_VAL* img1,AXI_VAL* img2) {
                                                                  ^
1 error generated.
==============================================================
Vivado(TM) HLS - High-Level Synthesis from C, C++ and SystemC v2020.1 (64-bit)
Copyright 1986-2020 Xilinx, Inc. All Rights Reserved.
==============================================================
INFO: [SYN 201-201] Setting up clock 'default' with a period of 10ns.
INFO: [HLS 200-10] Setting target device to 'xc7z020-clg400-1'
INFO: [SCHED 204-61] Option 'relax_ii_for_timing' is enabled, will increase II to preserve clock frequency constraints.
INFO: [HLS 200-10] Analyzing design file 'motion_detection/trial.cpp' ... 
ERROR: [HLS 200-70] Compilation errors found: In file included from motion_detection/trial.cpp:1:
motion_detection/trial.cpp:28:2: error: expected '}'
}
 ^
motion_detection/trial.cpp:10:71: note: to match this '{'
void abs_diff (AXI_VAL *y, coef_t c[100],AXI_VAL* img1,AXI_VAL* img2) {
                                                                      ^
1 error generated.
==============================================================
Vivado(TM) HLS - High-Level Synthesis from C, C++ and SystemC v2020.1 (64-bit)
Copyright 1986-2020 Xilinx, Inc. All Rights Reserved.
==============================================================
INFO: [SYN 201-201] Setting up clock 'default' with a period of 10ns.
INFO: [HLS 200-10] Setting target device to 'xc7z020-clg400-1'
INFO: [SCHED 204-61] Option 'relax_ii_for_timing' is enabled, will increase II to preserve clock frequency constraints.
INFO: [HLS 200-10] Analyzing design file 'motion_detection/trial.cpp' ... 
WARNING: [HLS 200-40] In file included from motion_detection/trial.cpp:1:
motion_detection/trial.cpp:14:25: error: use of undeclared identifier 'x'
_ssdm_op_SpecInterface(&x, "axis", 1, 1, "both", 0, 0, "", "", "", 0, 0, 0, 0, "", "");
                        ^
1 error generated.
==============================================================
Vivado(TM) HLS - High-Level Synthesis from C, C++ and SystemC v2020.1 (64-bit)
Copyright 1986-2020 Xilinx, Inc. All Rights Reserved.
==============================================================
INFO: [SYN 201-201] Setting up clock 'default' with a period of 10ns.
INFO: [HLS 200-10] Setting target device to 'xc7z020-clg400-1'
INFO: [SCHED 204-61] Option 'relax_ii_for_timing' is enabled, will increase II to preserve clock frequency constraints.
INFO: [HLS 200-10] Analyzing design file 'motion_detection/trial.cpp' ... 
WARNING: [HLS 200-40] In file included from motion_detection/trial.cpp:1:
motion_detection/trial.cpp:14:25: error: use of undeclared identifier 'x'
_ssdm_op_SpecInterface(&x, "axis", 1, 1, "both", 0, 0, "", "", "", 0, 0, 0, 0, "", "");
                        ^
1 error generated.
==============================================================
Vivado(TM) HLS - High-Level Synthesis from C, C++ and SystemC v2020.1 (64-bit)
Copyright 1986-2020 Xilinx, Inc. All Rights Reserved.
==============================================================
INFO: [SYN 201-201] Setting up clock 'default' with a period of 10ns.
INFO: [HLS 200-10] Setting target device to 'xc7z020-clg400-1'
INFO: [SCHED 204-61] Option 'relax_ii_for_timing' is enabled, will increase II to preserve clock frequency constraints.
INFO: [HLS 200-10] Analyzing design file 'motion_detection/trial.cpp' ... 
INFO: [HLS 200-111] Finished Linking Time (s): cpu = 00:00:02 ; elapsed = 00:00:20 . Memory (MB): peak = 955.223 ; gain = 861.563
INFO: [HLS 200-111] Finished Checking Pragmas Time (s): cpu = 00:00:02 ; elapsed = 00:00:20 . Memory (MB): peak = 955.223 ; gain = 861.563
INFO: [HLS 200-10] Starting code transformations ...
INFO: [HLS 200-111] Finished Standard Transforms Time (s): cpu = 00:00:02 ; elapsed = 00:00:21 . Memory (MB): peak = 955.223 ; gain = 861.563
INFO: [HLS 200-10] Checking synthesizability ...
INFO: [HLS 200-111] Finished Checking Synthesizability Time (s): cpu = 00:00:02 ; elapsed = 00:00:23 . Memory (MB): peak = 955.223 ; gain = 861.563
WARNING: [XFORM 203-1103] Ignored data pack directive on non-struct variable 'img2.data.V' (motion_detection/trial.cpp:10).
WARNING: [XFORM 203-1103] Ignored data pack directive on non-struct variable 'img1.data.V' (motion_detection/trial.cpp:10).
WARNING: [XFORM 203-1103] Ignored data pack directive on non-struct variable 'y.data.V' (motion_detection/trial.cpp:10).
INFO: [HLS 200-489] Unrolling loop 'Loop-1' (motion_detection/trial.cpp:20) in function 'abs_diff' completely with a factor of 101.
INFO: [HLS 200-111] Finished Pre-synthesis Time (s): cpu = 00:00:03 ; elapsed = 00:00:25 . Memory (MB): peak = 955.223 ; gain = 861.563
INFO: [HLS 200-111] Finished Architecture Synthesis Time (s): cpu = 00:00:03 ; elapsed = 00:00:26 . Memory (MB): peak = 955.223 ; gain = 861.563
INFO: [HLS 200-10] Starting hardware synthesis ...
INFO: [HLS 200-10] Synthesizing 'abs_diff' ...
INFO: [HLS 200-10] ----------------------------------------------------------------
INFO: [HLS 200-42] -- Implementing module 'abs_diff' 
INFO: [HLS 200-10] ----------------------------------------------------------------
INFO: [SCHED 204-11] Starting scheduling ...
INFO: [SCHED 204-11] Finished scheduling.
INFO: [HLS 200-111]  Elapsed time: 26.019 seconds; current allocated memory: 108.288 MB.
INFO: [BIND 205-100] Starting micro-architecture generation ...
INFO: [BIND 205-101] Performing variable lifetime analysis.
INFO: [BIND 205-101] Exploring resource sharing.
INFO: [BIND 205-101] Binding ...
INFO: [BIND 205-100] Finished micro-architecture generation.
INFO: [HLS 200-111]  Elapsed time: 2.226 seconds; current allocated memory: 108.456 MB.
INFO: [HLS 200-10] ----------------------------------------------------------------
INFO: [HLS 200-10] -- Generating RTL for module 'abs_diff' 
INFO: [HLS 200-10] ----------------------------------------------------------------
INFO: [RTGEN 206-500] Setting interface mode on port 'abs_diff/y_data_V' to 'axis' (register, both mode).
INFO: [RTGEN 206-500] Setting interface mode on port 'abs_diff/y_keep_V' to 'axis' (register, both mode).
INFO: [RTGEN 206-500] Setting interface mode on port 'abs_diff/y_strb_V' to 'axis' (register, both mode).
INFO: [RTGEN 206-500] Setting interface mode on port 'abs_diff/y_user_V' to 'axis' (register, both mode).
INFO: [RTGEN 206-500] Setting interface mode on port 'abs_diff/y_last_V' to 'axis' (register, both mode).
INFO: [RTGEN 206-500] Setting interface mode on port 'abs_diff/y_id_V' to 'axis' (register, both mode).
INFO: [RTGEN 206-500] Setting interface mode on port 'abs_diff/y_dest_V' to 'axis' (register, both mode).
INFO: [RTGEN 206-500] Setting interface mode on port 'abs_diff/c' to 'm_axi'.
INFO: [RTGEN 206-500] Setting interface mode on port 'abs_diff/img1_data_V' to 'axis' (register, both mode).
INFO: [RTGEN 206-500] Setting interface mode on port 'abs_diff/img1_keep_V' to 'axis' (register, both mode).
INFO: [RTGEN 206-500] Setting interface mode on port 'abs_diff/img1_strb_V' to 'axis' (register, both mode).
INFO: [RTGEN 206-500] Setting interface mode on port 'abs_diff/img1_user_V' to 'axis' (register, both mode).
INFO: [RTGEN 206-500] Setting interface mode on port 'abs_diff/img1_last_V' to 'axis' (register, both mode).
INFO: [RTGEN 206-500] Setting interface mode on port 'abs_diff/img1_id_V' to 'axis' (register, both mode).
INFO: [RTGEN 206-500] Setting interface mode on port 'abs_diff/img1_dest_V' to 'axis' (register, both mode).
INFO: [RTGEN 206-500] Setting interface mode on port 'abs_diff/img2_data_V' to 'axis' (register, both mode).
INFO: [RTGEN 206-500] Setting interface mode on port 'abs_diff/img2_keep_V' to 'axis' (register, both mode).
INFO: [RTGEN 206-500] Setting interface mode on port 'abs_diff/img2_strb_V' to 'axis' (register, both mode).
INFO: [RTGEN 206-500] Setting interface mode on port 'abs_diff/img2_user_V' to 'axis' (register, both mode).
INFO: [RTGEN 206-500] Setting interface mode on port 'abs_diff/img2_last_V' to 'axis' (register, both mode).
INFO: [RTGEN 206-500] Setting interface mode on port 'abs_diff/img2_id_V' to 'axis' (register, both mode).
INFO: [RTGEN 206-500] Setting interface mode on port 'abs_diff/img2_dest_V' to 'axis' (register, both mode).
INFO: [RTGEN 206-500] Setting interface mode on function 'abs_diff' to 'ap_ctrl_none'.
WARNING: [RTGEN 206-101] Port 'abs_diff/m_axi_c_AWVALID' has no fanin or fanout and is left dangling.
               Please use C simulation to confirm this function argument can be read from or written to.
WARNING: [RTGEN 206-101] Setting dangling out port 'abs_diff/m_axi_c_AWVALID' to 0.
WARNING: [RTGEN 206-101] Port 'abs_diff/m_axi_c_AWREADY' has no fanin or fanout and is left dangling.
               Please use C simulation to confirm this function argument can be read from or written to.
WARNING: [RTGEN 206-101] Port 'abs_diff/m_axi_c_AWADDR' has no fanin or fanout and is left dangling.
               Please use C simulation to confirm this function argument can be read from or written to.
WARNING: [RTGEN 206-101] Setting dangling out port 'abs_diff/m_axi_c_AWADDR' to 0.
WARNING: [RTGEN 206-101] Port 'abs_diff/m_axi_c_AWID' has no fanin or fanout and is left dangling.
               Please use C simulation to confirm this function argument can be read from or written to.
WARNING: [RTGEN 206-101] Setting dangling out port 'abs_diff/m_axi_c_AWID' to 0.
WARNING: [RTGEN 206-101] Port 'abs_diff/m_axi_c_AWLEN' has no fanin or fanout and is left dangling.
               Please use C simulation to confirm this function argument can be read from or written to.
WARNING: [RTGEN 206-101] Setting dangling out port 'abs_diff/m_axi_c_AWLEN' to 0.
WARNING: [RTGEN 206-101] Port 'abs_diff/m_axi_c_AWSIZE' has no fanin or fanout and is left dangling.
               Please use C simulation to confirm this function argument can be read from or written to.
WARNING: [RTGEN 206-101] Setting dangling out port 'abs_diff/m_axi_c_AWSIZE' to 0.
WARNING: [RTGEN 206-101] Port 'abs_diff/m_axi_c_AWBURST' has no fanin or fanout and is left dangling.
               Please use C simulation to confirm this function argument can be read from or written to.
WARNING: [RTGEN 206-101] Setting dangling out port 'abs_diff/m_axi_c_AWBURST' to 0.
WARNING: [RTGEN 206-101] Port 'abs_diff/m_axi_c_AWLOCK' has no fanin or fanout and is left dangling.
               Please use C simulation to confirm this function argument can be read from or written to.
WARNING: [RTGEN 206-101] Setting dangling out port 'abs_diff/m_axi_c_AWLOCK' to 0.
WARNING: [RTGEN 206-101] Port 'abs_diff/m_axi_c_AWCACHE' has no fanin or fanout and is left dangling.
               Please use C simulation to confirm this function argument can be read from or written to.
WARNING: [RTGEN 206-101] Setting dangling out port 'abs_diff/m_axi_c_AWCACHE' to 0.
WARNING: [RTGEN 206-101] Port 'abs_diff/m_axi_c_AWPROT' has no fanin or fanout and is left dangling.
               Please use C simulation to confirm this function argument can be read from or written to.
WARNING: [RTGEN 206-101] Setting dangling out port 'abs_diff/m_axi_c_AWPROT' to 0.
WARNING: [RTGEN 206-101] Port 'abs_diff/m_axi_c_AWQOS' has no fanin or fanout and is left dangling.
               Please use C simulation to confirm this function argument can be read from or written to.
WARNING: [RTGEN 206-101] Setting dangling out port 'abs_diff/m_axi_c_AWQOS' to 0.
WARNING: [RTGEN 206-101] Port 'abs_diff/m_axi_c_AWREGION' has no fanin or fanout and is left dangling.
               Please use C simulation to confirm this function argument can be read from or written to.
WARNING: [RTGEN 206-101] Setting dangling out port 'abs_diff/m_axi_c_AWREGION' to 0.
WARNING: [RTGEN 206-101] Port 'abs_diff/m_axi_c_AWUSER' has no fanin or fanout and is left dangling.
               Please use C simulation to confirm this function argument can be read from or written to.
WARNING: [RTGEN 206-101] Setting dangling out port 'abs_diff/m_axi_c_AWUSER' to 0.
WARNING: [RTGEN 206-101] Port 'abs_diff/m_axi_c_WVALID' has no fanin or fanout and is left dangling.
               Please use C simulation to confirm this function argument can be read from or written to.
WARNING: [RTGEN 206-101] Setting dangling out port 'abs_diff/m_axi_c_WVALID' to 0.
WARNING: [RTGEN 206-101] Port 'abs_diff/m_axi_c_WREADY' has no fanin or fanout and is left dangling.
               Please use C simulation to confirm this function argument can be read from or written to.
WARNING: [RTGEN 206-101] Port 'abs_diff/m_axi_c_WDATA' has no fanin or fanout and is left dangling.
               Please use C simulation to confirm this function argument can be read from or written to.
WARNING: [RTGEN 206-101] Setting dangling out port 'abs_diff/m_axi_c_WDATA' to 0.
WARNING: [RTGEN 206-101] Port 'abs_diff/m_axi_c_WSTRB' has no fanin or fanout and is left dangling.
               Please use C simulation to confirm this function argument can be read from or written to.
WARNING: [RTGEN 206-101] Setting dangling out port 'abs_diff/m_axi_c_WSTRB' to 0.
WARNING: [RTGEN 206-101] Port 'abs_diff/m_axi_c_WLAST' has no fanin or fanout and is left dangling.
               Please use C simulation to confirm this function argument can be read from or written to.
WARNING: [RTGEN 206-101] Setting dangling out port 'abs_diff/m_axi_c_WLAST' to 0.
WARNING: [RTGEN 206-101] Port 'abs_diff/m_axi_c_WID' has no fanin or fanout and is left dangling.
               Please use C simulation to confirm this function argument can be read from or written to.
WARNING: [RTGEN 206-101] Setting dangling out port 'abs_diff/m_axi_c_WID' to 0.
WARNING: [RTGEN 206-101] Port 'abs_diff/m_axi_c_WUSER' has no fanin or fanout and is left dangling.
               Please use C simulation to confirm this function argument can be read from or written to.
WARNING: [RTGEN 206-101] Setting dangling out port 'abs_diff/m_axi_c_WUSER' to 0.
WARNING: [RTGEN 206-101] Port 'abs_diff/m_axi_c_ARVALID' has no fanin or fanout and is left dangling.
               Please use C simulation to confirm this function argument can be read from or written to.
WARNING: [RTGEN 206-101] Setting dangling out port 'abs_diff/m_axi_c_ARVALID' to 0.
WARNING: [RTGEN 206-101] Port 'abs_diff/m_axi_c_ARREADY' has no fanin or fanout and is left dangling.
               Please use C simulation to confirm this function argument can be read from or written to.
WARNING: [RTGEN 206-101] Port 'abs_diff/m_axi_c_ARADDR' has no fanin or fanout and is left dangling.
               Please use C simulation to confirm this function argument can be read from or written to.
WARNING: [RTGEN 206-101] Setting dangling out port 'abs_diff/m_axi_c_ARADDR' to 0.
WARNING: [RTGEN 206-101] Port 'abs_diff/m_axi_c_ARID' has no fanin or fanout and is left dangling.
               Please use C simulation to confirm this function argument can be read from or written to.
WARNING: [RTGEN 206-101] Setting dangling out port 'abs_diff/m_axi_c_ARID' to 0.
WARNING: [RTGEN 206-101] Port 'abs_diff/m_axi_c_ARLEN' has no fanin or fanout and is left dangling.
               Please use C simulation to confirm this function argument can be read from or written to.
WARNING: [RTGEN 206-101] Setting dangling out port 'abs_diff/m_axi_c_ARLEN' to 0.
WARNING: [RTGEN 206-101] Port 'abs_diff/m_axi_c_ARSIZE' has no fanin or fanout and is left dangling.
               Please use C simulation to confirm this function argument can be read from or written to.
WARNING: [RTGEN 206-101] Setting dangling out port 'abs_diff/m_axi_c_ARSIZE' to 0.
WARNING: [RTGEN 206-101] Port 'abs_diff/m_axi_c_ARBURST' has no fanin or fanout and is left dangling.
               Please use C simulation to confirm this function argument can be read from or written to.
WARNING: [RTGEN 206-101] Setting dangling out port 'abs_diff/m_axi_c_ARBURST' to 0.
WARNING: [RTGEN 206-101] Port 'abs_diff/m_axi_c_ARLOCK' has no fanin or fanout and is left dangling.
               Please use C simulation to confirm this function argument can be read from or written to.
WARNING: [RTGEN 206-101] Setting dangling out port 'abs_diff/m_axi_c_ARLOCK' to 0.
WARNING: [RTGEN 206-101] Port 'abs_diff/m_axi_c_ARCACHE' has no fanin or fanout and is left dangling.
               Please use C simulation to confirm this function argument can be read from or written to.
WARNING: [RTGEN 206-101] Setting dangling out port 'abs_diff/m_axi_c_ARCACHE' to 0.
WARNING: [RTGEN 206-101] Port 'abs_diff/m_axi_c_ARPROT' has no fanin or fanout and is left dangling.
               Please use C simulation to confirm this function argument can be read from or written to.
WARNING: [RTGEN 206-101] Setting dangling out port 'abs_diff/m_axi_c_ARPROT' to 0.
WARNING: [RTGEN 206-101] Port 'abs_diff/m_axi_c_ARQOS' has no fanin or fanout and is left dangling.
               Please use C simulation to confirm this function argument can be read from or written to.
WARNING: [RTGEN 206-101] Setting dangling out port 'abs_diff/m_axi_c_ARQOS' to 0.
WARNING: [RTGEN 206-101] Port 'abs_diff/m_axi_c_ARREGION' has no fanin or fanout and is left dangling.
               Please use C simulation to confirm this function argument can be read from or written to.
WARNING: [RTGEN 206-101] Setting dangling out port 'abs_diff/m_axi_c_ARREGION' to 0.
WARNING: [RTGEN 206-101] Port 'abs_diff/m_axi_c_ARUSER' has no fanin or fanout and is left dangling.
               Please use C simulation to confirm this function argument can be read from or written to.
WARNING: [RTGEN 206-101] Setting dangling out port 'abs_diff/m_axi_c_ARUSER' to 0.
WARNING: [RTGEN 206-101] Port 'abs_diff/m_axi_c_RVALID' has no fanin or fanout and is left dangling.
               Please use C simulation to confirm this function argument can be read from or written to.
WARNING: [RTGEN 206-101] Port 'abs_diff/m_axi_c_RREADY' has no fanin or fanout and is left dangling.
               Please use C simulation to confirm this function argument can be read from or written to.
WARNING: [RTGEN 206-101] Setting dangling out port 'abs_diff/m_axi_c_RREADY' to 0.
WARNING: [RTGEN 206-101] Port 'abs_diff/m_axi_c_RDATA' has no fanin or fanout and is left dangling.
               Please use C simulation to confirm this function argument can be read from or written to.
WARNING: [RTGEN 206-101] Port 'abs_diff/m_axi_c_RLAST' has no fanin or fanout and is left dangling.
               Please use C simulation to confirm this function argument can be read from or written to.
WARNING: [RTGEN 206-101] Port 'abs_diff/m_axi_c_RID' has no fanin or fanout and is left dangling.
               Please use C simulation to confirm this function argument can be read from or written to.
WARNING: [RTGEN 206-101] Port 'abs_diff/m_axi_c_RUSER' has no fanin or fanout and is left dangling.
               Please use C simulation to confirm this function argument can be read from or written to.
WARNING: [RTGEN 206-101] Port 'abs_diff/m_axi_c_RRESP' has no fanin or fanout and is left dangling.
               Please use C simulation to confirm this function argument can be read from or written to.
WARNING: [RTGEN 206-101] Port 'abs_diff/m_axi_c_BVALID' has no fanin or fanout and is left dangling.
               Please use C simulation to confirm this function argument can be read from or written to.
WARNING: [RTGEN 206-101] Port 'abs_diff/m_axi_c_BREADY' has no fanin or fanout and is left dangling.
               Please use C simulation to confirm this function argument can be read from or written to.
WARNING: [RTGEN 206-101] Setting dangling out port 'abs_diff/m_axi_c_BREADY' to 0.
WARNING: [RTGEN 206-101] Port 'abs_diff/m_axi_c_BRESP' has no fanin or fanout and is left dangling.
               Please use C simulation to confirm this function argument can be read from or written to.
WARNING: [RTGEN 206-101] Port 'abs_diff/m_axi_c_BID' has no fanin or fanout and is left dangling.
               Please use C simulation to confirm this function argument can be read from or written to.
WARNING: [RTGEN 206-101] Port 'abs_diff/m_axi_c_BUSER' has no fanin or fanout and is left dangling.
               Please use C simulation to confirm this function argument can be read from or written to.
INFO: [RTGEN 206-100] Finished creating RTL model for 'abs_diff'.
INFO: [HLS 200-111]  Elapsed time: 28.012 seconds; current allocated memory: 109.118 MB.
INFO: [HLS 200-789] **** Estimated Fmax: 172.35 MHz
INFO: [HLS 200-111] Finished generating all RTL models Time (s): cpu = 00:00:04 ; elapsed = 00:01:08 . Memory (MB): peak = 955.223 ; gain = 861.563
INFO: [VHDL 208-304] Generating VHDL RTL for abs_diff.
INFO: [VLOG 209-307] Generating Verilog RTL for abs_diff.
INFO: [HLS 200-112] Total elapsed time: 68.435 seconds; peak allocated memory: 109.118 MB.
==============================================================
Vivado(TM) HLS - High-Level Synthesis from C, C++ and SystemC v2020.1 (64-bit)
Copyright 1986-2020 Xilinx, Inc. All Rights Reserved.
==============================================================
INFO: [SYN 201-201] Setting up clock 'default' with a period of 10ns.
INFO: [HLS 200-10] Setting target device to 'xc7z020-clg400-1'
INFO: [IMPL 213-8] Exporting RTL as a Vivado IP.
